Build started 8/11/2024 10:31:02 PM.
     1>Project "D:\Buoi7\New folder\BaitapChuong2_Mang\BaitapChuong2_Mang\BaitapChuong2_Mang.vcxproj" on node 2 (Build target(s)).
     1>ClCompile:
         C:\Program Files (x86)\Microsoft Visual Studio 12.0\VC\bin\CL.exe /c /ZI /nologo /W3 /WX- /Od /Oy- /D WIN32 /D _DEBUG /D _CONSOLE /D _LIB /D _UNICODE /D UNICODE /Gm /EHsc /RTC1 /MDd /GS /fp:precise /Zc:wchar_t /Zc:forScope /Fo"Debug\\" /Fd"Debug\vc120.pdb" /Gd /TP /analyze- /errorReport:prompt BaitapChuong2_bai2.cpp
         BaitapChuong2_bai2.cpp
     1>d:\buoi7\new folder\baitapchuong2_mang\baitapchuong2_mang\baitapchuong2_bai2.cpp(10): warning C4996: 'scanf': This function or variable may be unsafe. Consider using scanf_s instead. To disable deprecation, use _CRT_SECURE_NO_WARNINGS. See online help for details.
                 c:\program files (x86)\microsoft visual studio 12.0\vc\include\stdio.h(283) : see declaration of 'scanf'
     1>d:\buoi7\new folder\baitapchuong2_mang\baitapchuong2_mang\baitapchuong2_bai2.cpp(13): warning C4996: 'scanf': This function or variable may be unsafe. Consider using scanf_s instead. To disable deprecation, use _CRT_SECURE_NO_WARNINGS. See online help for details.
                 c:\program files (x86)\microsoft visual studio 12.0\vc\include\stdio.h(283) : see declaration of 'scanf'
     1>d:\buoi7\new folder\baitapchuong2_mang\baitapchuong2_mang\baitapchuong2_bai2.cpp(101): warning C4996: 'scanf': This function or variable may be unsafe. Consider using scanf_s instead. To disable deprecation, use _CRT_SECURE_NO_WARNINGS. See online help for details.
                 c:\program files (x86)\microsoft visual studio 12.0\vc\include\stdio.h(283) : see declaration of 'scanf'
     1>d:\buoi7\new folder\baitapchuong2_mang\baitapchuong2_mang\baitapchuong2_bai2.cpp(122): warning C4996: 'scanf': This function or variable may be unsafe. Consider using scanf_s instead. To disable deprecation, use _CRT_SECURE_NO_WARNINGS. See online help for details.
                 c:\program files (x86)\microsoft visual studio 12.0\vc\include\stdio.h(283) : see declaration of 'scanf'
     1>d:\buoi7\new folder\baitapchuong2_mang\baitapchuong2_mang\baitapchuong2_bai2.cpp(82): warning C4101: 'b' : unreferenced local variable
     1>d:\buoi7\new folder\baitapchuong2_mang\baitapchuong2_mang\baitapchuong2_bai2.cpp(82): warning C4101: 'd' : unreferenced local variable
     1>d:\buoi7\new folder\baitapchuong2_mang\baitapchuong2_mang\baitapchuong2_bai2.cpp(82): warning C4101: 'c' : unreferenced local variable
     1>d:\buoi7\new folder\baitapchuong2_mang\baitapchuong2_mang\baitapchuong2_bai2.cpp(81): warning C4101: 'm' : unreferenced local variable
       Link:
         C:\Program Files (x86)\Microsoft Visual Studio 12.0\VC\bin\link.exe /ERRORREPORT:PROMPT /OUT:"D:\Buoi7\New folder\BaitapChuong2_Mang\Debug\BaitapChuong2_Mang.exe" /INCREMENTAL /NOLOGO kernel32.lib user32.lib gdi32.lib winspool.lib comdlg32.lib advapi32.lib shell32.lib ole32.lib oleaut32.lib uuid.lib odbc32.lib odbccp32.lib /MANIFEST /MANIFESTUAC:"level='asInvoker' uiAccess='false'" /manifest:embed /DEBUG /PDB:"D:\Buoi7\New folder\BaitapChuong2_Mang\Debug\BaitapChuong2_Mang.pdb" /SUBSYSTEM:CONSOLE /TLBID:1 /DYNAMICBASE /NXCOMPAT /IMPLIB:"D:\Buoi7\New folder\BaitapChuong2_Mang\Debug\BaitapChuong2_Mang.lib" /MACHINE:X86 Debug\BaitapChuong2_bai2.obj
         BaitapChuong2_Mang.vcxproj -> D:\Buoi7\New folder\BaitapChuong2_Mang\Debug\BaitapChuong2_Mang.exe
     1>Done Building Project "D:\Buoi7\New folder\BaitapChuong2_Mang\BaitapChuong2_Mang\BaitapChuong2_Mang.vcxproj" (Build target(s)).

Build succeeded.

Time Elapsed 00:00:00.28
